{"logTime": "0220/045027", "correlationVector":"YFSk8s3yz+R/Y4boJOSzF3.1","action":"SyncServerConnectionManagerRequest", "result":"SYNC_SERVER_OK", "context":{"environment":"Prod_southindia_prod-s01-004-apac-southindia", "migrationStage":"NotStarted", "server":"akswtt00900005g"}}
{"logTime": "0220/045027", "correlationVector":"YFSk8s3yz+R/Y4boJOSzF3.2","action":"ProcessGetUpdates", "result":"Done", "context":{"dataType":"Encryption Keys", "deleted":"0", "process_failed_to_decrypt":"0", "process_pending_decryption":"0", "process_success":"1", "total":"1"}}
{"logTime": "0220/045027", "correlationVector":"V/qinhOTpnNouxtYgafKT8","action":"SyncServerConnectionManagerRequest", "result":"SYNC_SERVER_OK", "context":{"environment":"", "migrationStage":"", "server":""}}
{"logTime": "0220/045027", "correlationVector":"YFSk8s3yz+R/Y4boJOSzF3","action":"Initial GetUpdates", "result":"", "context":Reason: NEW_CLIENT. cV=YFSk8s3yz+R/Y4boJOSzF3}
{"logTime": "0220/045027", "correlationVector":"YFSk8s3yz+R/Y4boJOSzF3.3","action":"GetUpdates Response", "result":"Success", "context":Received 1 update(s). cV=YFSk8s3yz+R/Y4boJOSzF3.0;server=akswtt00900005g;cloudType=Consumer;environment=Prod_southindia_prod-s01-004-apac-southindia;migrationStage=NotStarted}
{"logTime": "0220/045027", "correlationVector":"P6n3czor7QqYTcKii03pS9","action":"Initial GetUpdates", "result":"", "context":Reason: NEWLY_SUPPORTED_DATATYPE. cV=P6n3czor7QqYTcKii03pS9}
{"logTime": "0220/045028", "correlationVector":"P6n3czor7QqYTcKii03pS9.1","action":"SyncServerConnectionManagerRequest", "result":"SYNC_SERVER_OK", "context":{"environment":"Prod_southindia_prod-s01-004-apac-southindia", "migrationStage":"NotStarted", "server":"akswtt009000029"}}
{"logTime": "0220/045028", "correlationVector":"P6n3czor7QqYTcKii03pS9.2","action":"ProcessGetUpdates", "result":"Done", "context":{"dataType":"Preferences", "deleted":"0", "process_failed_to_decrypt":"0", "process_pending_decryption":"0", "process_success":"83", "total":"83"}}
{"logTime": "0220/045028", "correlationVector":"P6n3czor7QqYTcKii03pS9.3","action":"ProcessGetUpdates", "result":"Done", "context":{"dataType":"Passwords", "deleted":"9", "process_failed_to_decrypt":"0", "process_pending_decryption":"0", "process_success":"127", "total":"127"}}
{"logTime": "0220/045028", "correlationVector":"P6n3czor7QqYTcKii03pS9.4","action":"ProcessGetUpdates", "result":"Done", "context":{"dataType":"Device Info", "deleted":"0", "process_failed_to_decrypt":"0", "process_pending_decryption":"0", "process_success":"9", "total":"9"}}
{"logTime": "0220/045028", "correlationVector":"P6n3czor7QqYTcKii03pS9.5","action":"GetUpdates Response", "result":"Success", "context":Received 219 update(s). cV=P6n3czor7QqYTcKii03pS9.0;server=akswtt009000029;cloudType=Consumer;environment=Prod_southindia_prod-s01-004-apac-southindia;migrationStage=NotStarted}
{"logTime": "0220/045028", "correlationVector":"Fld8LSK0yo05YDlG6nBthp","action":"Initial GetUpdates", "result":"", "context":Reason: NEWLY_SUPPORTED_DATATYPE. cV=Fld8LSK0yo05YDlG6nBthp}
{"logTime": "0220/045028", "correlationVector":"Fld8LSK0yo05YDlG6nBthp.1","action":"SyncServerConnectionManagerRequest", "result":"SYNC_SERVER_OK", "context":{"environment":"Prod_southindia_prod-s01-004-apac-southindia", "migrationStage":"NotStarted", "server":"akswtt00900003b"}}
{"logTime": "0220/045028", "correlationVector":"Fld8LSK0yo05YDlG6nBthp.2","action":"ProcessGetUpdates", "result":"Done", "context":{"dataType":"Bookmarks", "deleted":"26", "process_failed_to_decrypt":"0", "process_pending_decryption":"0", "process_success":"61", "total":"61"}}
{"logTime": "0220/045028", "correlationVector":"Fld8LSK0yo05YDlG6nBthp.3","action":"GetUpdates Response", "result":"Success", "context":Received 61 update(s). cV=Fld8LSK0yo05YDlG6nBthp.0;server=akswtt00900003b;cloudType=Consumer;environment=Prod_southindia_prod-s01-004-apac-southindia;migrationStage=NotStarted}
{"logTime": "0220/045028", "correlationVector":"Z8DllLoTPmlkh17UYDOl6o","action":"Initial GetUpdates", "result":"", "context":Reason: NEWLY_SUPPORTED_DATATYPE. cV=Z8DllLoTPmlkh17UYDOl6o}
{"logTime": "0220/045029", "correlationVector":"Z8DllLoTPmlkh17UYDOl6o.1","action":"SyncServerConnectionManagerRequest", "result":"SYNC_SERVER_OK", "context":{"environment":"Prod_southindia_prod-s01-004-apac-southindia", "migrationStage":"NotStarted", "server":"akswtt00900001w"}}
{"logTime": "0220/045029", "correlationVector":"Z8DllLoTPmlkh17UYDOl6o.2","action":"ProcessGetUpdates", "result":"Done", "context":{"dataType":"Autofill", "deleted":"0", "process_failed_to_decrypt":"0", "process_pending_decryption":"0", "process_success":"4", "total":"4"}}
{"logTime": "0220/045029", "correlationVector":"Z8DllLoTPmlkh17UYDOl6o.3","action":"ProcessGetUpdates", "result":"Done", "context":{"dataType":"Extensions", "deleted":"0", "process_failed_to_decrypt":"0", "process_pending_decryption":"0", "process_success":"1", "total":"1"}}
{"logTime": "0220/045029", "correlationVector":"Z8DllLoTPmlkh17UYDOl6o.4","action":"ProcessGetUpdates", "result":"Done", "context":{"dataType":"Sessions", "deleted":"233", "process_failed_to_decrypt":"0", "process_pending_decryption":"0", "process_success":"233", "total":"233"}}
{"logTime": "0220/045029", "correlationVector":"Z8DllLoTPmlkh17UYDOl6o.5","action":"ProcessGetUpdates", "result":"Done", "context":{"dataType":"Extension settings", "deleted":"0", "process_failed_to_decrypt":"0", "process_pending_decryption":"0", "process_success":"3", "total":"3"}}
{"logTime": "0220/045029", "correlationVector":"Z8DllLoTPmlkh17UYDOl6o.6","action":"ProcessGetUpdates", "result":"Done", "context":{"dataType":"Edge Hub App Usage", "deleted":"1", "process_failed_to_decrypt":"0", "process_pending_decryption":"0", "process_success":"9", "total":"9"}}
{"logTime": "0220/045029", "correlationVector":"Z8DllLoTPmlkh17UYDOl6o.7","action":"GetUpdates Response", "result":"Success", "context":Received 250 update(s). cV=Z8DllLoTPmlkh17UYDOl6o.0;server=akswtt00900001w;cloudType=Consumer;environment=Prod_southindia_prod-s01-004-apac-southindia;migrationStage=NotStarted Some updates remain.}
{"logTime": "0220/045029", "correlationVector":"lllbwnThQGPtU0A9O5+hKe","action":"Initial GetUpdates", "result":"", "context":Reason: NEWLY_SUPPORTED_DATATYPE. cV=lllbwnThQGPtU0A9O5+hKe}
{"logTime": "0220/045029", "correlationVector":"lllbwnThQGPtU0A9O5+hKe.1","action":"SyncServerConnectionManagerRequest", "result":"SYNC_SERVER_OK", "context":{"environment":"Prod_southindia_prod-s01-004-apac-southindia", "migrationStage":"NotStarted", "server":"akswtt009000027"}}
{"logTime": "0220/045029", "correlationVector":"lllbwnThQGPtU0A9O5+hKe.2","action":"ProcessGetUpdates", "result":"Done", "context":{"dataType":"Extensions", "deleted":"0", "process_failed_to_decrypt":"0", "process_pending_decryption":"0", "process_success":"1", "total":"1"}}
{"logTime": "0220/045029", "correlationVector":"lllbwnThQGPtU0A9O5+hKe.3","action":"ProcessGetUpdates", "result":"Done", "context":{"dataType":"Sessions", "deleted":"246", "process_failed_to_decrypt":"0", "process_pending_decryption":"0", "process_success":"246", "total":"246"}}
{"logTime": "0220/045029", "correlationVector":"lllbwnThQGPtU0A9O5+hKe.4","action":"ProcessGetUpdates", "result":"Done", "context":{"dataType":"Edge Hub App Usage", "deleted":"0", "process_failed_to_decrypt":"0", "process_pending_decryption":"0", "process_success":"3", "total":"3"}}
{"logTime": "0220/045029", "correlationVector":"lllbwnThQGPtU0A9O5+hKe.5","action":"GetUpdates Response", "result":"Success", "context":Received 250 update(s). cV=lllbwnThQGPtU0A9O5+hKe.0;server=akswtt009000027;cloudType=Consumer;environment=Prod_southindia_prod-s01-004-apac-southindia;migrationStage=NotStarted Some updates remain.}
{"logTime": "0220/045029", "correlationVector":"tLJcGfq40YGhUWT38jCnNy","action":"Initial GetUpdates", "result":"", "context":Reason: NEWLY_SUPPORTED_DATATYPE. cV=tLJcGfq40YGhUWT38jCnNy}
{"logTime": "0220/045030", "correlationVector":"tLJcGfq40YGhUWT38jCnNy.1","action":"SyncServerConnectionManagerRequest", "result":"SYNC_SERVER_OK", "context":{"environment":"Prod_southindia_prod-s01-004-apac-southindia", "migrationStage":"NotStarted", "server":"akswtt009000029"}}
{"logTime": "0220/045030", "correlationVector":"tLJcGfq40YGhUWT38jCnNy.2","action":"ProcessGetUpdates", "result":"Done", "context":{"dataType":"Sessions", "deleted":"242", "process_failed_to_decrypt":"0", "process_pending_decryption":"0", "process_success":"242", "total":"242"}}
{"logTime": "0220/045030", "correlationVector":"tLJcGfq40YGhUWT38jCnNy.3","action":"ProcessGetUpdates", "result":"Done", "context":{"dataType":"Edge Hub App Usage", "deleted":"5", "process_failed_to_decrypt":"0", "process_pending_decryption":"0", "process_success":"8", "total":"8"}}
{"logTime": "0220/045030", "correlationVector":"tLJcGfq40YGhUWT38jCnNy.4","action":"GetUpdates Response", "result":"Success", "context":Received 250 update(s). cV=tLJcGfq40YGhUWT38jCnNy.0;server=akswtt009000029;cloudType=Consumer;environment=Prod_southindia_prod-s01-004-apac-southindia;migrationStage=NotStarted Some updates remain.}
{"logTime": "0220/045030", "correlationVector":"y9FOf+T55dloxnzhzhHvE1","action":"Initial GetUpdates", "result":"", "context":Reason: NEWLY_SUPPORTED_DATATYPE. cV=y9FOf+T55dloxnzhzhHvE1}
{"logTime": "0220/045031", "correlationVector":"y9FOf+T55dloxnzhzhHvE1.1","action":"SyncServerConnectionManagerRequest", "result":"SYNC_SERVER_OK", "context":{"environment":"Prod_southindia_prod-s01-004-apac-southindia", "migrationStage":"NotStarted", "server":"akswtt00900001s"}}
{"logTime": "0220/045031", "correlationVector":"y9FOf+T55dloxnzhzhHvE1.2","action":"ProcessGetUpdates", "result":"Done", "context":{"dataType":"Sessions", "deleted":"246", "process_failed_to_decrypt":"0", "process_pending_decryption":"0", "process_success":"246", "total":"246"}}
{"logTime": "0220/045031", "correlationVector":"y9FOf+T55dloxnzhzhHvE1.3","action":"ProcessGetUpdates", "result":"Done", "context":{"dataType":"Edge Hub App Usage", "deleted":"1", "process_failed_to_decrypt":"0", "process_pending_decryption":"0", "process_success":"4", "total":"4"}}
{"logTime": "0220/045031", "correlationVector":"y9FOf+T55dloxnzhzhHvE1.4","action":"GetUpdates Response", "result":"Success", "context":Received 250 update(s). cV=y9FOf+T55dloxnzhzhHvE1.0;server=akswtt00900001s;cloudType=Consumer;environment=Prod_southindia_prod-s01-004-apac-southindia;migrationStage=NotStarted Some updates remain.}
{"logTime": "0220/045031", "correlationVector":"CmEK1dQyAAVYbsnANIi2PW","action":"Initial GetUpdates", "result":"", "context":Reason: NEWLY_SUPPORTED_DATATYPE. cV=CmEK1dQyAAVYbsnANIi2PW}
{"logTime": "0220/045032", "correlationVector":"CmEK1dQyAAVYbsnANIi2PW.1","action":"SyncServerConnectionManagerRequest", "result":"SYNC_SERVER_OK", "context":{"environment":"Prod_southindia_prod-s01-004-apac-southindia", "migrationStage":"NotStarted", "server":"akswtt00900001q"}}
{"logTime": "0220/045032", "correlationVector":"CmEK1dQyAAVYbsnANIi2PW.2","action":"ProcessGetUpdates", "result":"Done", "context":{"dataType":"Autofill Profiles", "deleted":"0", "process_failed_to_decrypt":"0", "process_pending_decryption":"0", "process_success":"16", "total":"16"}}
{"logTime": "0220/045032", "correlationVector":"CmEK1dQyAAVYbsnANIi2PW.3","action":"ProcessGetUpdates", "result":"Done", "context":{"dataType":"Autofill", "deleted":"0", "process_failed_to_decrypt":"0", "process_pending_decryption":"0", "process_success":"10", "total":"10"}}
{"logTime": "0220/045032", "correlationVector":"CmEK1dQyAAVYbsnANIi2PW.4","action":"ProcessGetUpdates", "result":"Done", "context":{"dataType":"Extensions", "deleted":"0", "process_failed_to_decrypt":"0", "process_pending_decryption":"0", "process_success":"1", "total":"1"}}
{"logTime": "0220/045032", "correlationVector":"CmEK1dQyAAVYbsnANIi2PW.5","action":"ProcessGetUpdates", "result":"Done", "context":{"dataType":"Sessions", "deleted":"215", "process_failed_to_decrypt":"0", "process_pending_decryption":"0", "process_success":"220", "total":"220"}}
{"logTime": "0220/045032", "correlationVector":"CmEK1dQyAAVYbsnANIi2PW.6","action":"ProcessGetUpdates", "result":"Done", "context":{"dataType":"Edge Hub App Usage", "deleted":"0", "process_failed_to_decrypt":"0", "process_pending_decryption":"0", "process_success":"3", "total":"3"}}
{"logTime": "0220/045032", "correlationVector":"CmEK1dQyAAVYbsnANIi2PW.7","action":"GetUpdates Response", "result":"Success", "context":Received 250 update(s). cV=CmEK1dQyAAVYbsnANIi2PW.0;server=akswtt00900001q;cloudType=Consumer;environment=Prod_southindia_prod-s01-004-apac-southindia;migrationStage=NotStarted Some updates remain.}
{"logTime": "0220/045032", "correlationVector":"WDDNgMwhkBcAmReHGbe0aw","action":"Initial GetUpdates", "result":"", "context":Reason: NEWLY_SUPPORTED_DATATYPE. cV=WDDNgMwhkBcAmReHGbe0aw}
{"logTime": "0220/045032", "correlationVector":"WDDNgMwhkBcAmReHGbe0aw.1","action":"SyncServerConnectionManagerRequest", "result":"SYNC_SERVER_OK", "context":{"environment":"Prod_southindia_prod-s01-004-apac-southindia", "migrationStage":"NotStarted", "server":"akswtt00900001k"}}
{"logTime": "0220/045032", "correlationVector":"WDDNgMwhkBcAmReHGbe0aw.2","action":"ProcessGetUpdates", "result":"Done", "context":{"dataType":"Autofill", "deleted":"0", "process_failed_to_decrypt":"0", "process_pending_decryption":"0", "process_success":"250", "total":"250"}}
{"logTime": "0220/045032", "correlationVector":"WDDNgMwhkBcAmReHGbe0aw.3","action":"GetUpdates Response", "result":"Success", "context":Received 250 update(s). cV=WDDNgMwhkBcAmReHGbe0aw.0;server=akswtt00900001k;cloudType=Consumer;environment=Prod_southindia_prod-s01-004-apac-southindia;migrationStage=NotStarted Some updates remain.}
{"logTime": "0220/045032", "correlationVector":"O9iIlz85ym+sv+o3qp6rqu","action":"Initial GetUpdates", "result":"", "context":Reason: NEWLY_SUPPORTED_DATATYPE. cV=O9iIlz85ym+sv+o3qp6rqu}
{"logTime": "0220/045032", "correlationVector":"O9iIlz85ym+sv+o3qp6rqu.1","action":"SyncServerConnectionManagerRequest", "result":"SYNC_SERVER_OK", "context":{"environment":"Prod_southindia_prod-s01-004-apac-southindia", "migrationStage":"NotStarted", "server":"akswtt00900004c"}}
{"logTime": "0220/045032", "correlationVector":"O9iIlz85ym+sv+o3qp6rqu.2","action":"ProcessGetUpdates", "result":"Done", "context":{"dataType":"Autofill Profiles", "deleted":"0", "process_failed_to_decrypt":"0", "process_pending_decryption":"0", "process_success":"3", "total":"3"}}
{"logTime": "0220/045032", "correlationVector":"O9iIlz85ym+sv+o3qp6rqu.3","action":"ProcessGetUpdates", "result":"Done", "context":{"dataType":"Autofill", "deleted":"0", "process_failed_to_decrypt":"0", "process_pending_decryption":"0", "process_success":"23", "total":"23"}}
{"logTime": "0220/045032", "correlationVector":"O9iIlz85ym+sv+o3qp6rqu.4","action":"ProcessGetUpdates", "result":"Done", "context":{"dataType":"Extensions", "deleted":"0", "process_failed_to_decrypt":"0", "process_pending_decryption":"0", "process_success":"2", "total":"2"}}
{"logTime": "0220/045032", "correlationVector":"O9iIlz85ym+sv+o3qp6rqu.5","action":"ProcessGetUpdates", "result":"Done", "context":{"dataType":"Sessions", "deleted":"79", "process_failed_to_decrypt":"0", "process_pending_decryption":"0", "process_success":"85", "total":"85"}}
{"logTime": "0220/045032", "correlationVector":"O9iIlz85ym+sv+o3qp6rqu.6","action":"ProcessGetUpdates", "result":"Done", "context":{"dataType":"Edge Hub App Usage", "deleted":"0", "process_failed_to_decrypt":"0", "process_pending_decryption":"0", "process_success":"1", "total":"1"}}
{"logTime": "0220/045032", "correlationVector":"O9iIlz85ym+sv+o3qp6rqu.7","action":"GetUpdates Response", "result":"Success", "context":Received 114 update(s). cV=O9iIlz85ym+sv+o3qp6rqu.0;server=akswtt00900004c;cloudType=Consumer;environment=Prod_southindia_prod-s01-004-apac-southindia;migrationStage=NotStarted}
{"logTime": "0220/045032", "correlationVector":"LlxbCK4Xlp9fhn4ikhahV9","action":"Initial GetUpdates", "result":"", "context":Reason: NEWLY_SUPPORTED_DATATYPE. cV=LlxbCK4Xlp9fhn4ikhahV9}
{"logTime": "0220/045033", "correlationVector":"LlxbCK4Xlp9fhn4ikhahV9.1","action":"SyncServerConnectionManagerRequest", "result":"SYNC_SERVER_OK", "context":{"environment":"Prod_southindia_prod-s01-004-apac-southindia", "migrationStage":"NotStarted", "server":"akswtt009000042"}}
{"logTime": "0220/045033", "correlationVector":"LlxbCK4Xlp9fhn4ikhahV9.2","action":"ProcessGetUpdates", "result":"Done", "context":{"dataType":"History", "deleted":"0", "process_failed_to_decrypt":"0", "process_pending_decryption":"0", "process_success":"250", "total":"250"}}
{"logTime": "0220/045033", "correlationVector":"LlxbCK4Xlp9fhn4ikhahV9.3","action":"GetUpdates Response", "result":"Success", "context":Received 250 update(s). cV=LlxbCK4Xlp9fhn4ikhahV9.0;server=akswtt009000042;cloudType=Consumer;environment=Prod_southindia_prod-s01-004-apac-southindia;migrationStage=NotStarted Some updates remain.}
{"logTime": "0220/045033", "correlationVector":"zPe5QLBLMhYty616dkqHil","action":"Initial GetUpdates", "result":"", "context":Reason: NEWLY_SUPPORTED_DATATYPE. cV=zPe5QLBLMhYty616dkqHil}
{"logTime": "0220/045034", "correlationVector":"zPe5QLBLMhYty616dkqHil.1","action":"SyncServerConnectionManagerRequest", "result":"SYNC_SERVER_OK", "context":{"environment":"Prod_southindia_prod-s01-004-apac-southindia", "migrationStage":"NotStarted", "server":"akswtt00900001q"}}
{"logTime": "0220/045034", "correlationVector":"zPe5QLBLMhYty616dkqHil.2","action":"ProcessGetUpdates", "result":"Done", "context":{"dataType":"History", "deleted":"0", "process_failed_to_decrypt":"0", "process_pending_decryption":"0", "process_success":"250", "total":"250"}}
{"logTime": "0220/045034", "correlationVector":"zPe5QLBLMhYty616dkqHil.3","action":"GetUpdates Response", "result":"Success", "context":Received 250 update(s). cV=zPe5QLBLMhYty616dkqHil.0;server=akswtt00900001q;cloudType=Consumer;environment=Prod_southindia_prod-s01-004-apac-southindia;migrationStage=NotStarted Some updates remain.}
{"logTime": "0220/045034", "correlationVector":"qb6RRHX90EflvzFfu+STo5","action":"Initial GetUpdates", "result":"", "context":Reason: NEWLY_SUPPORTED_DATATYPE. cV=qb6RRHX90EflvzFfu+STo5}
{"logTime": "0220/045034", "correlationVector":"qb6RRHX90EflvzFfu+STo5.1","action":"SyncServerConnectionManagerRequest", "result":"SYNC_SERVER_OK", "context":{"environment":"Prod_southindia_prod-s01-004-apac-southindia", "migrationStage":"NotStarted", "server":"akswtt00900000x"}}
{"logTime": "0220/045034", "correlationVector":"qb6RRHX90EflvzFfu+STo5.2","action":"ProcessGetUpdates", "result":"Done", "context":{"dataType":"History", "deleted":"0", "process_failed_to_decrypt":"0", "process_pending_decryption":"0", "process_success":"250", "total":"250"}}
{"logTime": "0220/045034", "correlationVector":"qb6RRHX90EflvzFfu+STo5.3","action":"GetUpdates Response", "result":"Success", "context":Received 250 update(s). cV=qb6RRHX90EflvzFfu+STo5.0;server=akswtt00900000x;cloudType=Consumer;environment=Prod_southindia_prod-s01-004-apac-southindia;migrationStage=NotStarted Some updates remain.}
{"logTime": "0220/045034", "correlationVector":"9CJ7gfMsyJVcyNsX3PjYT7","action":"Initial GetUpdates", "result":"", "context":Reason: NEWLY_SUPPORTED_DATATYPE. cV=9CJ7gfMsyJVcyNsX3PjYT7}
{"logTime": "0220/045035", "correlationVector":"9CJ7gfMsyJVcyNsX3PjYT7.1","action":"SyncServerConnectionManagerRequest", "result":"SYNC_SERVER_OK", "context":{"environment":"Prod_southindia_prod-s01-004-apac-southindia", "migrationStage":"NotStarted", "server":"akswtt00900004g"}}
{"logTime": "0220/045035", "correlationVector":"9CJ7gfMsyJVcyNsX3PjYT7.2","action":"ProcessGetUpdates", "result":"Done", "context":{"dataType":"History", "deleted":"0", "process_failed_to_decrypt":"0", "process_pending_decryption":"0", "process_success":"250", "total":"250"}}
{"logTime": "0220/045035", "correlationVector":"9CJ7gfMsyJVcyNsX3PjYT7.3","action":"GetUpdates Response", "result":"Success", "context":Received 250 update(s). cV=9CJ7gfMsyJVcyNsX3PjYT7.0;server=akswtt00900004g;cloudType=Consumer;environment=Prod_southindia_prod-s01-004-apac-southindia;migrationStage=NotStarted Some updates remain.}
{"logTime": "0220/045035", "correlationVector":"XowyfNQ7sUNcQKuXQ4DroT","action":"Initial GetUpdates", "result":"", "context":Reason: NEWLY_SUPPORTED_DATATYPE. cV=XowyfNQ7sUNcQKuXQ4DroT}
{"logTime": "0220/045035", "correlationVector":"XowyfNQ7sUNcQKuXQ4DroT.1","action":"SyncServerConnectionManagerRequest", "result":"SYNC_SERVER_OK", "context":{"environment":"Prod_southindia_prod-s01-004-apac-southindia", "migrationStage":"NotStarted", "server":"akswtt009000027"}}
{"logTime": "0220/045035", "correlationVector":"XowyfNQ7sUNcQKuXQ4DroT.2","action":"ProcessGetUpdates", "result":"Done", "context":{"dataType":"History", "deleted":"0", "process_failed_to_decrypt":"0", "process_pending_decryption":"0", "process_success":"250", "total":"250"}}
{"logTime": "0220/045035", "correlationVector":"XowyfNQ7sUNcQKuXQ4DroT.3","action":"GetUpdates Response", "result":"Success", "context":Received 250 update(s). cV=XowyfNQ7sUNcQKuXQ4DroT.0;server=akswtt009000027;cloudType=Consumer;environment=Prod_southindia_prod-s01-004-apac-southindia;migrationStage=NotStarted Some updates remain.}
{"logTime": "0220/045035", "correlationVector":"hwPFkNMag9cR0Z6GQGS6Lr","action":"Initial GetUpdates", "result":"", "context":Reason: NEWLY_SUPPORTED_DATATYPE. cV=hwPFkNMag9cR0Z6GQGS6Lr}
{"logTime": "0220/045036", "correlationVector":"hwPFkNMag9cR0Z6GQGS6Lr.1","action":"SyncServerConnectionManagerRequest", "result":"SYNC_SERVER_OK", "context":{"environment":"Prod_southindia_prod-s01-004-apac-southindia", "migrationStage":"NotStarted", "server":"akswtt00900002c"}}
{"logTime": "0220/045036", "correlationVector":"hwPFkNMag9cR0Z6GQGS6Lr.2","action":"ProcessGetUpdates", "result":"Done", "context":{"dataType":"History", "deleted":"0", "process_failed_to_decrypt":"0", "process_pending_decryption":"0", "process_success":"250", "total":"250"}}
{"logTime": "0220/045036", "correlationVector":"hwPFkNMag9cR0Z6GQGS6Lr.3","action":"GetUpdates Response", "result":"Success", "context":Received 250 update(s). cV=hwPFkNMag9cR0Z6GQGS6Lr.0;server=akswtt00900002c;cloudType=Consumer;environment=Prod_southindia_prod-s01-004-apac-southindia;migrationStage=NotStarted Some updates remain.}
{"logTime": "0220/045036", "correlationVector":"0VNStYshncKuVaxhJwae2N","action":"Initial GetUpdates", "result":"", "context":Reason: NEWLY_SUPPORTED_DATATYPE. cV=0VNStYshncKuVaxhJwae2N}
{"logTime": "0220/045036", "correlationVector":"0VNStYshncKuVaxhJwae2N.1","action":"SyncServerConnectionManagerRequest", "result":"SYNC_SERVER_OK", "context":{"environment":"Prod_southindia_prod-s01-004-apac-southindia", "migrationStage":"NotStarted", "server":"akswtt009000016"}}
{"logTime": "0220/045036", "correlationVector":"0VNStYshncKuVaxhJwae2N.2","action":"ProcessGetUpdates", "result":"Done", "context":{"dataType":"History", "deleted":"0", "process_failed_to_decrypt":"0", "process_pending_decryption":"0", "process_success":"137", "total":"137"}}
{"logTime": "0220/045036", "correlationVector":"0VNStYshncKuVaxhJwae2N.3","action":"GetUpdates Response", "result":"Success", "context":Received 137 update(s). cV=0VNStYshncKuVaxhJwae2N.0;server=akswtt009000016;cloudType=Consumer;environment=Prod_southindia_prod-s01-004-apac-southindia;migrationStage=NotStarted}
{"logTime": "0220/045036", "correlationVector":"zaL+WNm3MIi+9LPWLD7g5j","action":"Normal GetUpdate request", "result":"", "context":cV=zaL+WNm3MIi+9LPWLD7g5j
Nudged types: Bookmarks, Sessions, Device Info, User Consents
Refresh requested types: Bookmarks, Preferences, Passwords, Autofill Profiles, Autofill, Extensions, Sessions, Extension settings, History Delete Directives, Device Info, User Consents, Send Tab To Self, Web Apps, History, Collection, Edge E Drop, Edge Hub App Usage, Edge Tab Group, Edge Wallet, Encryption Keys}
{"logTime": "0220/045036", "correlationVector":"zaL+WNm3MIi+9LPWLD7g5j.1","action":"SyncServerConnectionManagerRequest", "result":"SYNC_SERVER_OK", "context":{"environment":"Prod_southindia_prod-s01-004-apac-southindia", "migrationStage":"NotStarted", "server":"akswtt009000019"}}
{"logTime": "0220/045036", "correlationVector":"zaL+WNm3MIi+9LPWLD7g5j.2","action":"GetUpdates Response", "result":"Success", "context":Received 0 update(s). cV=zaL+WNm3MIi+9LPWLD7g5j.0;server=akswtt009000019;cloudType=Consumer;environment=Prod_southindia_prod-s01-004-apac-southindia;migrationStage=NotStarted}
{"logTime": "0220/045036", "correlationVector":"fvjVMUTa+GKb0aOQz6VQCi","action":"Commit Request", "result":"", "context":Item count: 14
Contributing types: Bookmarks, Sessions, Device Info, User Consents}
{"logTime": "0220/045037", "correlationVector":"fvjVMUTa+GKb0aOQz6VQCi.1","action":"SyncServerConnectionManagerRequest", "result":"SYNC_SERVER_OK", "context":{"environment":"Prod_southindia_prod-s01-004-apac-southindia", "migrationStage":"NotStarted", "server":"akswtt009000016"}}
{"logTime": "0220/045037", "correlationVector":"fvjVMUTa+GKb0aOQz6VQCi.2","action":"Commit Response", "result":"Success", "context":Result: Success. cV=fvjVMUTa+GKb0aOQz6VQCi.0;server=akswtt009000016;cloudType=Consumer;environment=Prod_southindia_prod-s01-004-apac-southindia;migrationStage=NotStarted}
{"logTime": "0220/045053", "correlationVector":"IkTlpcEKCZdiQlTiK7F6pS","action":"Commit Request", "result":"", "context":Item count: 3
Contributing types: Sessions, User Consents, History}
{"logTime": "0220/045053", "correlationVector":"IkTlpcEKCZdiQlTiK7F6pS.1","action":"SyncServerConnectionManagerRequest", "result":"SYNC_SERVER_OK", "context":{"environment":"Prod_southindia_prod-s01-004-apac-southindia", "migrationStage":"NotStarted", "server":"akswtt00900005c"}}
{"logTime": "0220/045053", "correlationVector":"IkTlpcEKCZdiQlTiK7F6pS.2","action":"Commit Response", "result":"Success", "context":Result: Success. cV=IkTlpcEKCZdiQlTiK7F6pS.0;server=akswtt00900005c;cloudType=Consumer;environment=Prod_southindia_prod-s01-004-apac-southindia;migrationStage=NotStarted}
{"logTime": "0220/045057", "correlationVector":"CVqshPrxLRlX+++kf2yZh3","action":"Normal GetUpdate request", "result":"", "context":cV=CVqshPrxLRlX+++kf2yZh3
Notified types: Device Info}
{"logTime": "0220/045057", "correlationVector":"CVqshPrxLRlX+++kf2yZh3.1","action":"SyncServerConnectionManagerRequest", "result":"SYNC_SERVER_OK", "context":{"environment":"Prod_southindia_prod-s01-004-apac-southindia", "migrationStage":"NotStarted", "server":"akswtt00900002a"}}
{"logTime": "0220/045057", "correlationVector":"CVqshPrxLRlX+++kf2yZh3.2","action":"ProcessGetUpdates", "result":"Done", "context":{"dataType":"Bookmarks", "deleted":"0", "process_failed_to_decrypt":"0", "process_pending_decryption":"0", "process_success":"10", "total":"10"}}
{"logTime": "0220/045057", "correlationVector":"CVqshPrxLRlX+++kf2yZh3.3","action":"ProcessGetUpdates", "result":"Done", "context":{"dataType":"Sessions", "deleted":"0", "process_failed_to_decrypt":"0", "process_pending_decryption":"0", "process_success":"2", "total":"2"}}
{"logTime": "0220/045057", "correlationVector":"CVqshPrxLRlX+++kf2yZh3.4","action":"ProcessGetUpdates", "result":"Done", "context":{"dataType":"Device Info", "deleted":"0", "process_failed_to_decrypt":"0", "process_pending_decryption":"0", "process_success":"2", "total":"2"}}
{"logTime": "0220/045057", "correlationVector":"CVqshPrxLRlX+++kf2yZh3.5","action":"ProcessGetUpdates", "result":"Done", "context":{"dataType":"History", "deleted":"0", "process_failed_to_decrypt":"0", "process_pending_decryption":"0", "process_success":"1", "total":"1"}}
{"logTime": "0220/045057", "correlationVector":"CVqshPrxLRlX+++kf2yZh3.6","action":"GetUpdates Response", "result":"Success", "context":Received 15 update(s). cV=CVqshPrxLRlX+++kf2yZh3.0;server=akswtt00900002a;cloudType=Consumer;environment=Prod_southindia_prod-s01-004-apac-southindia;migrationStage=NotStarted}
{"logTime": "0220/045057", "correlationVector":"hS5AODz3NiZM5BDt+g/Nvs","action":"DoCompareDataConsistency requsted types: ", "result":"Bookmarks, Preferences, Passwords, Extensions, Extension settings, History Delete Directives, Send Tab To Self, Web Apps, History, Collection, Edge E Drop, Edge Tab Group, Edge Wallet, Encryption Keys"}
{"logTime": "0220/045057", "correlationVector":"hS5AODz3NiZM5BDt+g/Nvs.0","action":"CompareDataConsistency result: ", "result":"Compare result: Encryption Keys is consistent. local entities count is: 1 local entities hash is: H/6OzniM5Pm6d0Ayj3hb2H+INCI="}
{"logTime": "0220/045057", "correlationVector":"hS5AODz3NiZM5BDt+g/Nvs.1","action":"CompareDataConsistency result: ", "result":"Compare result: Bookmarks is consistent. local entities count is: 30 local entities hash is: 3wbWaUe27SICmUkIrXU7oCJkHJA="}
{"logTime": "0220/045057", "correlationVector":"hS5AODz3NiZM5BDt+g/Nvs.2","action":"CompareDataConsistency result: ", "result":"Compare result: Preferences is consistent. local entities count is: 83 local entities hash is: qfD1VBfDNBQ/gYKk8wmFaI/N9Tc="}
{"logTime": "0220/045057", "correlationVector":"hS5AODz3NiZM5BDt+g/Nvs.3","action":"CompareDataConsistency result: ", "result":"Compare result: Extensions is consistent. local entities count is: 5 local entities hash is: ZUzHWiPVNF4k6Iy15HjtYfYNBVM="}
{"logTime": "0220/045057", "correlationVector":"hS5AODz3NiZM5BDt+g/Nvs.4","action":"CompareDataConsistency result: ", "result":"Compare result: Extension settings is consistent. local entities count is: 3 local entities hash is: 3zYr47sXGnWUTY8niHsG/k3Qi3c="}
{"logTime": "0220/045057", "correlationVector":"hS5AODz3NiZM5BDt+g/Nvs.5","action":"CompareDataConsistency result: ", "result":"Compare result: History Delete Directives is consistent. local entities count is: 0 local entities hash is: "}
{"logTime": "0220/045057", "correlationVector":"hS5AODz3NiZM5BDt+g/Nvs.6","action":"CompareDataConsistency result: ", "result":"Server did not send this Send Tab To Self local entities count is: 0 local entities hash is: "}
{"logTime": "0220/045057", "correlationVector":"hS5AODz3NiZM5BDt+g/Nvs.7","action":"CompareDataConsistency result: ", "result":"Compare result: Web Apps is consistent. local entities count is: 0 local entities hash is: "}
{"logTime": "0220/045057", "correlationVector":"hS5AODz3NiZM5BDt+g/Nvs.8","action":"CompareDataConsistency result: ", "result":"Server did not send this History local entities count is: 0 local entities hash is: "}
{"logTime": "0220/045057", "correlationVector":"hS5AODz3NiZM5BDt+g/Nvs.9","action":"CompareDataConsistency result: ", "result":"Compare result: Collection is consistent. local entities count is: 0 local entities hash is: "}
{"logTime": "0220/045057", "correlationVector":"hS5AODz3NiZM5BDt+g/Nvs.10","action":"CompareDataConsistency result: ", "result":"Compare result: Edge E Drop is consistent. local entities count is: 0 local entities hash is: "}
{"logTime": "0220/045057", "correlationVector":"hS5AODz3NiZM5BDt+g/Nvs.11","action":"CompareDataConsistency result: ", "result":"Compare result: Edge Tab Group is consistent. local entities count is: 0 local entities hash is: "}
{"logTime": "0220/045057", "correlationVector":"hS5AODz3NiZM5BDt+g/Nvs.12","action":"CompareDataConsistency result: ", "result":"Compare result: Edge Wallet is consistent. local entities count is: 0 local entities hash is: "}
{"logTime": "0220/045057", "correlationVector":"hS5AODz3NiZM5BDt+g/Nvs.13","action":"CompareDataConsistency result: ", "result":"Compare result: Passwords is consistent. local entities count is: 118 local entities hash is: FPxj1uzma2GLAee3Ck4mdciKbCo="}
{"logTime": "0220/045057", "correlationVector":"","action":"DIAGNOSTIC_REQUEST|v1/diagnosticData/Diagnostic.SendCheckResult()|SUCCESS", "result":""}
{"logTime": "0220/045104", "correlationVector":"NicEHjZ2efVsgPdwLJDIXB","action":"Normal GetUpdate request", "result":"", "context":cV=NicEHjZ2efVsgPdwLJDIXB
Notified types: Device Info}
{"logTime": "0220/045104", "correlationVector":"NicEHjZ2efVsgPdwLJDIXB.1","action":"SyncServerConnectionManagerRequest", "result":"SYNC_SERVER_OK", "context":{"environment":"Prod_southindia_prod-s01-004-apac-southindia", "migrationStage":"NotStarted", "server":"akswtt00900000k"}}
{"logTime": "0220/045104", "correlationVector":"NicEHjZ2efVsgPdwLJDIXB.2","action":"ProcessGetUpdates", "result":"Done", "context":{"dataType":"Device Info", "deleted":"0", "process_failed_to_decrypt":"0", "process_pending_decryption":"0", "process_success":"1", "total":"1"}}
{"logTime": "0220/045104", "correlationVector":"NicEHjZ2efVsgPdwLJDIXB.3","action":"GetUpdates Response", "result":"Success", "context":Received 1 update(s). cV=NicEHjZ2efVsgPdwLJDIXB.0;server=akswtt00900000k;cloudType=Consumer;environment=Prod_southindia_prod-s01-004-apac-southindia;migrationStage=NotStarted}
{"logTime": "0220/045119", "correlationVector":"B9PMN3UgfnnwmcVrhHBRJ9","action":"Normal GetUpdate request", "result":"", "context":cV=B9PMN3UgfnnwmcVrhHBRJ9
Notified types: Device Info}
{"logTime": "0220/045120", "correlationVector":"B9PMN3UgfnnwmcVrhHBRJ9.1","action":"SyncServerConnectionManagerRequest", "result":"SYNC_SERVER_OK", "context":{"environment":"Prod_southindia_prod-s01-004-apac-southindia", "migrationStage":"NotStarted", "server":"akswtt00900002b"}}
{"logTime": "0220/045120", "correlationVector":"B9PMN3UgfnnwmcVrhHBRJ9.2","action":"ProcessGetUpdates", "result":"Done", "context":{"dataType":"Device Info", "deleted":"0", "process_failed_to_decrypt":"0", "process_pending_decryption":"0", "process_success":"1", "total":"1"}}
{"logTime": "0220/045120", "correlationVector":"B9PMN3UgfnnwmcVrhHBRJ9.3","action":"GetUpdates Response", "result":"Success", "context":Received 1 update(s). cV=B9PMN3UgfnnwmcVrhHBRJ9.0;server=akswtt00900002b;cloudType=Consumer;environment=Prod_southindia_prod-s01-004-apac-southindia;migrationStage=NotStarted}
{"logTime": "0220/045249", "correlationVector":"9LMHtaagJtFM6jOxdKEHja","action":"Normal GetUpdate request", "result":"", "context":cV=9LMHtaagJtFM6jOxdKEHja
Notified types: Device Info}
{"logTime": "0220/045249", "correlationVector":"9LMHtaagJtFM6jOxdKEHja.1","action":"SyncServerConnectionManagerRequest", "result":"SYNC_SERVER_OK", "context":{"environment":"Prod_southindia_prod-s01-004-apac-southindia", "migrationStage":"NotStarted", "server":"akswtt00900004z"}}
{"logTime": "0220/045249", "correlationVector":"9LMHtaagJtFM6jOxdKEHja.2","action":"ProcessGetUpdates", "result":"Done", "context":{"dataType":"Sessions", "deleted":"0", "process_failed_to_decrypt":"0", "process_pending_decryption":"0", "process_success":"1", "total":"1"}}
{"logTime": "0220/045249", "correlationVector":"9LMHtaagJtFM6jOxdKEHja.3","action":"ProcessGetUpdates", "result":"Done", "context":{"dataType":"Device Info", "deleted":"0", "process_failed_to_decrypt":"0", "process_pending_decryption":"0", "process_success":"1", "total":"1"}}
{"logTime": "0220/045249", "correlationVector":"9LMHtaagJtFM6jOxdKEHja.4","action":"GetUpdates Response", "result":"Success", "context":Received 2 update(s). cV=9LMHtaagJtFM6jOxdKEHja.0;server=akswtt00900004z;cloudType=Consumer;environment=Prod_southindia_prod-s01-004-apac-southindia;migrationStage=NotStarted}
{"logTime": "0220/045614", "correlationVector":"eViXAk9dD5to/DGiFyKOdU","action":"Normal GetUpdate request", "result":"", "context":cV=eViXAk9dD5to/DGiFyKOdU
Notified types: History}
{"logTime": "0220/045614", "correlationVector":"eViXAk9dD5to/DGiFyKOdU.1","action":"SyncServerConnectionManagerRequest", "result":"SYNC_SERVER_OK", "context":{"environment":"Prod_southindia_prod-s01-004-apac-southindia", "migrationStage":"NotStarted", "server":"akswtt00900003b"}}
{"logTime": "0220/045614", "correlationVector":"eViXAk9dD5to/DGiFyKOdU.2","action":"ProcessGetUpdates", "result":"Done", "context":{"dataType":"Sessions", "deleted":"0", "process_failed_to_decrypt":"0", "process_pending_decryption":"0", "process_success":"1", "total":"1"}}
{"logTime": "0220/045614", "correlationVector":"eViXAk9dD5to/DGiFyKOdU.3","action":"ProcessGetUpdates", "result":"Done", "context":{"dataType":"History", "deleted":"0", "process_failed_to_decrypt":"0", "process_pending_decryption":"0", "process_success":"4", "total":"4"}}
{"logTime": "0220/045614", "correlationVector":"eViXAk9dD5to/DGiFyKOdU.4","action":"GetUpdates Response", "result":"Success", "context":Received 5 update(s). cV=eViXAk9dD5to/DGiFyKOdU.0;server=akswtt00900003b;cloudType=Consumer;environment=Prod_southindia_prod-s01-004-apac-southindia;migrationStage=NotStarted}
{"logTime": "0220/045734", "correlationVector":"vrd5BSlHcvuQqP8GDumlxe","action":"Normal GetUpdate request", "result":"", "context":cV=vrd5BSlHcvuQqP8GDumlxe
Notified types: History}
{"logTime": "0220/045734", "correlationVector":"vrd5BSlHcvuQqP8GDumlxe.1","action":"SyncServerConnectionManagerRequest", "result":"SYNC_SERVER_OK", "context":{"environment":"Prod_southindia_prod-s01-004-apac-southindia", "migrationStage":"NotStarted", "server":"akswtt00900004p"}}
{"logTime": "0220/045734", "correlationVector":"vrd5BSlHcvuQqP8GDumlxe.2","action":"ProcessGetUpdates", "result":"Done", "context":{"dataType":"Sessions", "deleted":"0", "process_failed_to_decrypt":"0", "process_pending_decryption":"0", "process_success":"1", "total":"1"}}
{"logTime": "0220/045734", "correlationVector":"vrd5BSlHcvuQqP8GDumlxe.3","action":"ProcessGetUpdates", "result":"Done", "context":{"dataType":"History", "deleted":"0", "process_failed_to_decrypt":"0", "process_pending_decryption":"0", "process_success":"6", "total":"6"}}
{"logTime": "0220/045734", "correlationVector":"vrd5BSlHcvuQqP8GDumlxe.4","action":"GetUpdates Response", "result":"Success", "context":Received 7 update(s). cV=vrd5BSlHcvuQqP8GDumlxe.0;server=akswtt00900004p;cloudType=Consumer;environment=Prod_southindia_prod-s01-004-apac-southindia;migrationStage=NotStarted}
{"logTime": "0220/045808", "correlationVector":"whzdf2jusO2fxYF+uYMGhl","action":"Normal GetUpdate request", "result":"", "context":cV=whzdf2jusO2fxYF+uYMGhl
Notified types: Device Info, History}
{"logTime": "0220/045808", "correlationVector":"whzdf2jusO2fxYF+uYMGhl.1","action":"SyncServerConnectionManagerRequest", "result":"SYNC_SERVER_OK", "context":{"environment":"Prod_southindia_prod-s01-004-apac-southindia", "migrationStage":"NotStarted", "server":"akswtt00900001q"}}
{"logTime": "0220/045808", "correlationVector":"whzdf2jusO2fxYF+uYMGhl.2","action":"ProcessGetUpdates", "result":"Done", "context":{"dataType":"Sessions", "deleted":"0", "process_failed_to_decrypt":"0", "process_pending_decryption":"0", "process_success":"1", "total":"1"}}
{"logTime": "0220/045808", "correlationVector":"whzdf2jusO2fxYF+uYMGhl.3","action":"ProcessGetUpdates", "result":"Done", "context":{"dataType":"Device Info", "deleted":"0", "process_failed_to_decrypt":"0", "process_pending_decryption":"0", "process_success":"1", "total":"1"}}
{"logTime": "0220/045808", "correlationVector":"whzdf2jusO2fxYF+uYMGhl.4","action":"ProcessGetUpdates", "result":"Done", "context":{"dataType":"History", "deleted":"0", "process_failed_to_decrypt":"0", "process_pending_decryption":"0", "process_success":"6", "total":"6"}}
{"logTime": "0220/045808", "correlationVector":"whzdf2jusO2fxYF+uYMGhl.5","action":"GetUpdates Response", "result":"Success", "context":Received 8 update(s). cV=whzdf2jusO2fxYF+uYMGhl.0;server=akswtt00900001q;cloudType=Consumer;environment=Prod_southindia_prod-s01-004-apac-southindia;migrationStage=NotStarted}
{"logTime": "0220/045811", "correlationVector":"vmHpNn3Umtk6e1BpnKMiCK","action":"Normal GetUpdate request", "result":"", "context":cV=vmHpNn3Umtk6e1BpnKMiCK
Notified types: Device Info}
{"logTime": "0220/045811", "correlationVector":"vmHpNn3Umtk6e1BpnKMiCK.1","action":"SyncServerConnectionManagerRequest", "result":"SYNC_SERVER_OK", "context":{"environment":"Prod_southindia_prod-s01-004-apac-southindia", "migrationStage":"NotStarted", "server":"akswtt00900003z"}}
{"logTime": "0220/045811", "correlationVector":"vmHpNn3Umtk6e1BpnKMiCK.2","action":"ProcessGetUpdates", "result":"Done", "context":{"dataType":"Device Info", "deleted":"0", "process_failed_to_decrypt":"0", "process_pending_decryption":"0", "process_success":"1", "total":"1"}}
{"logTime": "0220/045811", "correlationVector":"vmHpNn3Umtk6e1BpnKMiCK.3","action":"GetUpdates Response", "result":"Success", "context":Received 1 update(s). cV=vmHpNn3Umtk6e1BpnKMiCK.0;server=akswtt00900003z;cloudType=Consumer;environment=Prod_southindia_prod-s01-004-apac-southindia;migrationStage=NotStarted}
{"logTime": "0220/045905", "correlationVector":"FJVGzh5jYFpf4SOXWlr4KM","action":"Normal GetUpdate request", "result":"", "context":cV=FJVGzh5jYFpf4SOXWlr4KM
Notified types: Device Info, History}
{"logTime": "0220/045905", "correlationVector":"FJVGzh5jYFpf4SOXWlr4KM.1","action":"SyncServerConnectionManagerRequest", "result":"SYNC_SERVER_OK", "context":{"environment":"Prod_southindia_prod-s01-004-apac-southindia", "migrationStage":"NotStarted", "server":"akswtt00900000p"}}
{"logTime": "0220/045905", "correlationVector":"FJVGzh5jYFpf4SOXWlr4KM.2","action":"ProcessGetUpdates", "result":"Done", "context":{"dataType":"Sessions", "deleted":"0", "process_failed_to_decrypt":"0", "process_pending_decryption":"0", "process_success":"3", "total":"3"}}
{"logTime": "0220/045905", "correlationVector":"FJVGzh5jYFpf4SOXWlr4KM.3","action":"ProcessGetUpdates", "result":"Done", "context":{"dataType":"Device Info", "deleted":"0", "process_failed_to_decrypt":"0", "process_pending_decryption":"0", "process_success":"1", "total":"1"}}
{"logTime": "0220/045905", "correlationVector":"FJVGzh5jYFpf4SOXWlr4KM.4","action":"ProcessGetUpdates", "result":"Done", "context":{"dataType":"History", "deleted":"0", "process_failed_to_decrypt":"0", "process_pending_decryption":"0", "process_success":"5", "total":"5"}}
{"logTime": "0220/045905", "correlationVector":"FJVGzh5jYFpf4SOXWlr4KM.5","action":"GetUpdates Response", "result":"Success", "context":Received 9 update(s). cV=FJVGzh5jYFpf4SOXWlr4KM.0;server=akswtt00900000p;cloudType=Consumer;environment=Prod_southindia_prod-s01-004-apac-southindia;migrationStage=NotStarted}
{"logTime": "0220/045918", "correlationVector":"o2Mok4Y78+F3j3eHCdGAKl","action":"Normal GetUpdate request", "result":"", "context":cV=o2Mok4Y78+F3j3eHCdGAKl
Notified types: Device Info, History}
{"logTime": "0220/045918", "correlationVector":"o2Mok4Y78+F3j3eHCdGAKl.1","action":"SyncServerConnectionManagerRequest", "result":"SYNC_SERVER_OK", "context":{"environment":"Prod_southindia_prod-s01-004-apac-southindia", "migrationStage":"NotStarted", "server":"akswtt00900004f"}}
{"logTime": "0220/045918", "correlationVector":"o2Mok4Y78+F3j3eHCdGAKl.2","action":"ProcessGetUpdates", "result":"Done", "context":{"dataType":"Sessions", "deleted":"0", "process_failed_to_decrypt":"0", "process_pending_decryption":"0", "process_success":"2", "total":"2"}}
{"logTime": "0220/045918", "correlationVector":"o2Mok4Y78+F3j3eHCdGAKl.3","action":"ProcessGetUpdates", "result":"Done", "context":{"dataType":"Device Info", "deleted":"0", "process_failed_to_decrypt":"0", "process_pending_decryption":"0", "process_success":"1", "total":"1"}}
{"logTime": "0220/045918", "correlationVector":"o2Mok4Y78+F3j3eHCdGAKl.4","action":"ProcessGetUpdates", "result":"Done", "context":{"dataType":"History", "deleted":"0", "process_failed_to_decrypt":"0", "process_pending_decryption":"0", "process_success":"1", "total":"1"}}
{"logTime": "0220/045918", "correlationVector":"o2Mok4Y78+F3j3eHCdGAKl.5","action":"GetUpdates Response", "result":"Success", "context":Received 4 update(s). cV=o2Mok4Y78+F3j3eHCdGAKl.0;server=akswtt00900004f;cloudType=Consumer;environment=Prod_southindia_prod-s01-004-apac-southindia;migrationStage=NotStarted}
{"logTime": "0220/050024", "correlationVector":"DXeaL5ftu8ier638sWSrY5","action":"Normal GetUpdate request", "result":"", "context":cV=DXeaL5ftu8ier638sWSrY5
Notified types: Device Info, History}
{"logTime": "0220/050024", "correlationVector":"DXeaL5ftu8ier638sWSrY5.1","action":"SyncServerConnectionManagerRequest", "result":"SYNC_SERVER_OK", "context":{"environment":"Prod_southindia_prod-s01-004-apac-southindia", "migrationStage":"NotStarted", "server":"akswtt00900005h"}}
{"logTime": "0220/050024", "correlationVector":"DXeaL5ftu8ier638sWSrY5.2","action":"ProcessGetUpdates", "result":"Done", "context":{"dataType":"Sessions", "deleted":"0", "process_failed_to_decrypt":"0", "process_pending_decryption":"0", "process_success":"4", "total":"4"}}
{"logTime": "0220/050024", "correlationVector":"DXeaL5ftu8ier638sWSrY5.3","action":"ProcessGetUpdates", "result":"Done", "context":{"dataType":"Device Info", "deleted":"0", "process_failed_to_decrypt":"0", "process_pending_decryption":"0", "process_success":"1", "total":"1"}}
{"logTime": "0220/050024", "correlationVector":"DXeaL5ftu8ier638sWSrY5.4","action":"ProcessGetUpdates", "result":"Done", "context":{"dataType":"History", "deleted":"0", "process_failed_to_decrypt":"0", "process_pending_decryption":"0", "process_success":"5", "total":"5"}}
{"logTime": "0220/050024", "correlationVector":"DXeaL5ftu8ier638sWSrY5.5","action":"GetUpdates Response", "result":"Success", "context":Received 10 update(s). cV=DXeaL5ftu8ier638sWSrY5.0;server=akswtt00900005h;cloudType=Consumer;environment=Prod_southindia_prod-s01-004-apac-southindia;migrationStage=NotStarted}
{"logTime": "0220/050049", "correlationVector":"1ZxT70yCGLDwd/Hkzj0jcC","action":"Normal GetUpdate request", "result":"", "context":cV=1ZxT70yCGLDwd/Hkzj0jcC
Notified types: Device Info, History}
{"logTime": "0220/050049", "correlationVector":"1ZxT70yCGLDwd/Hkzj0jcC.1","action":"SyncServerConnectionManagerRequest", "result":"SYNC_SERVER_OK", "context":{"environment":"Prod_southindia_prod-s01-004-apac-southindia", "migrationStage":"NotStarted", "server":"akswtt009000040"}}
{"logTime": "0220/050049", "correlationVector":"1ZxT70yCGLDwd/Hkzj0jcC.2","action":"ProcessGetUpdates", "result":"Done", "context":{"dataType":"Sessions", "deleted":"0", "process_failed_to_decrypt":"0", "process_pending_decryption":"0", "process_success":"4", "total":"4"}}
{"logTime": "0220/050049", "correlationVector":"1ZxT70yCGLDwd/Hkzj0jcC.3","action":"ProcessGetUpdates", "result":"Done", "context":{"dataType":"Device Info", "deleted":"0", "process_failed_to_decrypt":"0", "process_pending_decryption":"0", "process_success":"1", "total":"1"}}
{"logTime": "0220/050049", "correlationVector":"1ZxT70yCGLDwd/Hkzj0jcC.4","action":"ProcessGetUpdates", "result":"Done", "context":{"dataType":"History", "deleted":"0", "process_failed_to_decrypt":"0", "process_pending_decryption":"0", "process_success":"5", "total":"5"}}
{"logTime": "0220/050049", "correlationVector":"1ZxT70yCGLDwd/Hkzj0jcC.5","action":"GetUpdates Response", "result":"Success", "context":Received 10 update(s). cV=1ZxT70yCGLDwd/Hkzj0jcC.0;server=akswtt009000040;cloudType=Consumer;environment=Prod_southindia_prod-s01-004-apac-southindia;migrationStage=NotStarted}
{"logTime": "0220/050100", "correlationVector":"yBqISugZOzKh9H7Cbr2POp","action":"Normal GetUpdate request", "result":"", "context":cV=yBqISugZOzKh9H7Cbr2POp
Notified types: Device Info, History}
{"logTime": "0220/050100", "correlationVector":"yBqISugZOzKh9H7Cbr2POp.1","action":"SyncServerConnectionManagerRequest", "result":"SYNC_SERVER_OK", "context":{"environment":"Prod_southindia_prod-s01-004-apac-southindia", "migrationStage":"NotStarted", "server":"akswtt00900000m"}}
{"logTime": "0220/050100", "correlationVector":"yBqISugZOzKh9H7Cbr2POp.2","action":"ProcessGetUpdates", "result":"Done", "context":{"dataType":"Sessions", "deleted":"1", "process_failed_to_decrypt":"0", "process_pending_decryption":"0", "process_success":"3", "total":"3"}}
{"logTime": "0220/050100", "correlationVector":"yBqISugZOzKh9H7Cbr2POp.3","action":"ProcessGetUpdates", "result":"Done", "context":{"dataType":"Device Info", "deleted":"0", "process_failed_to_decrypt":"0", "process_pending_decryption":"0", "process_success":"1", "total":"1"}}
{"logTime": "0220/050100", "correlationVector":"yBqISugZOzKh9H7Cbr2POp.4","action":"ProcessGetUpdates", "result":"Done", "context":{"dataType":"History", "deleted":"0", "process_failed_to_decrypt":"0", "process_pending_decryption":"0", "process_success":"1", "total":"1"}}
{"logTime": "0220/050100", "correlationVector":"yBqISugZOzKh9H7Cbr2POp.5","action":"GetUpdates Response", "result":"Success", "context":Received 5 update(s). cV=yBqISugZOzKh9H7Cbr2POp.0;server=akswtt00900000m;cloudType=Consumer;environment=Prod_southindia_prod-s01-004-apac-southindia;migrationStage=NotStarted}
{"logTime": "0220/050122", "correlationVector":"GlhiEbCe5l9lvAO+flrkKC","action":"Normal GetUpdate request", "result":"", "context":cV=GlhiEbCe5l9lvAO+flrkKC
Notified types: Device Info, History}
{"logTime": "0220/050122", "correlationVector":"GlhiEbCe5l9lvAO+flrkKC.1","action":"SyncServerConnectionManagerRequest", "result":"SYNC_SERVER_OK", "context":{"environment":"Prod_southindia_prod-s01-004-apac-southindia", "migrationStage":"NotStarted", "server":"akswtt00900001l"}}
{"logTime": "0220/050122", "correlationVector":"GlhiEbCe5l9lvAO+flrkKC.2","action":"ProcessGetUpdates", "result":"Done", "context":{"dataType":"Sessions", "deleted":"1", "process_failed_to_decrypt":"0", "process_pending_decryption":"0", "process_success":"3", "total":"3"}}
{"logTime": "0220/050122", "correlationVector":"GlhiEbCe5l9lvAO+flrkKC.3","action":"ProcessGetUpdates", "result":"Done", "context":{"dataType":"Device Info", "deleted":"0", "process_failed_to_decrypt":"0", "process_pending_decryption":"0", "process_success":"1", "total":"1"}}
{"logTime": "0220/050122", "correlationVector":"GlhiEbCe5l9lvAO+flrkKC.4","action":"ProcessGetUpdates", "result":"Done", "context":{"dataType":"History", "deleted":"0", "process_failed_to_decrypt":"0", "process_pending_decryption":"0", "process_success":"1", "total":"1"}}
{"logTime": "0220/050122", "correlationVector":"GlhiEbCe5l9lvAO+flrkKC.5","action":"GetUpdates Response", "result":"Success", "context":Received 5 update(s). cV=GlhiEbCe5l9lvAO+flrkKC.0;server=akswtt00900001l;cloudType=Consumer;environment=Prod_southindia_prod-s01-004-apac-southindia;migrationStage=NotStarted}
{"logTime": "0220/050127", "correlationVector":"fC+t5/ZzTDb4+56tBT9xOa","action":"Normal GetUpdate request", "result":"", "context":cV=fC+t5/ZzTDb4+56tBT9xOa
Notified types: Bookmarks}
{"logTime": "0220/050127", "correlationVector":"fC+t5/ZzTDb4+56tBT9xOa.1","action":"SyncServerConnectionManagerRequest", "result":"SYNC_SERVER_OK", "context":{"environment":"Prod_southindia_prod-s01-004-apac-southindia", "migrationStage":"NotStarted", "server":"akswtt009000027"}}
{"logTime": "0220/050127", "correlationVector":"fC+t5/ZzTDb4+56tBT9xOa.2","action":"ProcessGetUpdates", "result":"Done", "context":{"dataType":"Bookmarks", "deleted":"0", "process_failed_to_decrypt":"0", "process_pending_decryption":"0", "process_success":"1", "total":"1"}}
{"logTime": "0220/050127", "correlationVector":"fC+t5/ZzTDb4+56tBT9xOa.3","action":"GetUpdates Response", "result":"Success", "context":Received 1 update(s). cV=fC+t5/ZzTDb4+56tBT9xOa.0;server=akswtt009000027;cloudType=Consumer;environment=Prod_southindia_prod-s01-004-apac-southindia;migrationStage=NotStarted}
{"logTime": "0220/050131", "correlationVector":"vZ2zxg9gY78t8dzGi1Hazs","action":"Normal GetUpdate request", "result":"", "context":cV=vZ2zxg9gY78t8dzGi1Hazs
Notified types: Device Info, History}
{"logTime": "0220/050131", "correlationVector":"vZ2zxg9gY78t8dzGi1Hazs.1","action":"SyncServerConnectionManagerRequest", "result":"SYNC_SERVER_OK", "context":{"environment":"Prod_southindia_prod-s01-004-apac-southindia", "migrationStage":"NotStarted", "server":"akswtt00900003q"}}
{"logTime": "0220/050131", "correlationVector":"vZ2zxg9gY78t8dzGi1Hazs.2","action":"ProcessGetUpdates", "result":"Done", "context":{"dataType":"Sessions", "deleted":"0", "process_failed_to_decrypt":"0", "process_pending_decryption":"0", "process_success":"2", "total":"2"}}
{"logTime": "0220/050131", "correlationVector":"vZ2zxg9gY78t8dzGi1Hazs.3","action":"ProcessGetUpdates", "result":"Done", "context":{"dataType":"Device Info", "deleted":"0", "process_failed_to_decrypt":"0", "process_pending_decryption":"0", "process_success":"1", "total":"1"}}
{"logTime": "0220/050131", "correlationVector":"vZ2zxg9gY78t8dzGi1Hazs.4","action":"ProcessGetUpdates", "result":"Done", "context":{"dataType":"History", "deleted":"0", "process_failed_to_decrypt":"0", "process_pending_decryption":"0", "process_success":"1", "total":"1"}}
{"logTime": "0220/050131", "correlationVector":"vZ2zxg9gY78t8dzGi1Hazs.5","action":"GetUpdates Response", "result":"Success", "context":Received 4 update(s). cV=vZ2zxg9gY78t8dzGi1Hazs.0;server=akswtt00900003q;cloudType=Consumer;environment=Prod_southindia_prod-s01-004-apac-southindia;migrationStage=NotStarted}
{"logTime": "0220/050143", "correlationVector":"HiVPHr/WUFy3oJsNXfLp8G","action":"Normal GetUpdate request", "result":"", "context":cV=HiVPHr/WUFy3oJsNXfLp8G
Notified types: Device Info, History}
{"logTime": "0220/050143", "correlationVector":"HiVPHr/WUFy3oJsNXfLp8G.1","action":"SyncServerConnectionManagerRequest", "result":"SYNC_SERVER_OK", "context":{"environment":"Prod_southindia_prod-s01-004-apac-southindia", "migrationStage":"NotStarted", "server":"akswtt00900002h"}}
{"logTime": "0220/050143", "correlationVector":"HiVPHr/WUFy3oJsNXfLp8G.2","action":"ProcessGetUpdates", "result":"Done", "context":{"dataType":"Sessions", "deleted":"0", "process_failed_to_decrypt":"0", "process_pending_decryption":"0", "process_success":"1", "total":"1"}}
{"logTime": "0220/050143", "correlationVector":"HiVPHr/WUFy3oJsNXfLp8G.3","action":"ProcessGetUpdates", "result":"Done", "context":{"dataType":"Device Info", "deleted":"0", "process_failed_to_decrypt":"0", "process_pending_decryption":"0", "process_success":"1", "total":"1"}}
{"logTime": "0220/050143", "correlationVector":"HiVPHr/WUFy3oJsNXfLp8G.4","action":"ProcessGetUpdates", "result":"Done", "context":{"dataType":"History", "deleted":"0", "process_failed_to_decrypt":"0", "process_pending_decryption":"0", "process_success":"1", "total":"1"}}
{"logTime": "0220/050143", "correlationVector":"HiVPHr/WUFy3oJsNXfLp8G.5","action":"GetUpdates Response", "result":"Success", "context":Received 3 update(s). cV=HiVPHr/WUFy3oJsNXfLp8G.0;server=akswtt00900002h;cloudType=Consumer;environment=Prod_southindia_prod-s01-004-apac-southindia;migrationStage=NotStarted}
{"logTime": "0220/050206", "correlationVector":"41Tl45rvQcPxAPH9jBnAEd","action":"Normal GetUpdate request", "result":"", "context":cV=41Tl45rvQcPxAPH9jBnAEd
Notified types: Preferences, History}
{"logTime": "0220/050206", "correlationVector":"41Tl45rvQcPxAPH9jBnAEd.1","action":"SyncServerConnectionManagerRequest", "result":"SYNC_SERVER_OK", "context":{"environment":"Prod_southindia_prod-s01-004-apac-southindia", "migrationStage":"NotStarted", "server":"akswtt00900001k"}}
{"logTime": "0220/050206", "correlationVector":"41Tl45rvQcPxAPH9jBnAEd.2","action":"ProcessGetUpdates", "result":"Done", "context":{"dataType":"Preferences", "deleted":"0", "process_failed_to_decrypt":"0", "process_pending_decryption":"0", "process_success":"2", "total":"2"}}
{"logTime": "0220/050206", "correlationVector":"41Tl45rvQcPxAPH9jBnAEd.3","action":"ProcessGetUpdates", "result":"Done", "context":{"dataType":"Passwords", "deleted":"0", "process_failed_to_decrypt":"0", "process_pending_decryption":"0", "process_success":"1", "total":"1"}}
{"logTime": "0220/050206", "correlationVector":"41Tl45rvQcPxAPH9jBnAEd.4","action":"ProcessGetUpdates", "result":"Done", "context":{"dataType":"Sessions", "deleted":"0", "process_failed_to_decrypt":"0", "process_pending_decryption":"0", "process_success":"1", "total":"1"}}
{"logTime": "0220/050206", "correlationVector":"41Tl45rvQcPxAPH9jBnAEd.5","action":"ProcessGetUpdates", "result":"Done", "context":{"dataType":"History", "deleted":"0", "process_failed_to_decrypt":"0", "process_pending_decryption":"0", "process_success":"3", "total":"3"}}
{"logTime": "0220/050206", "correlationVector":"41Tl45rvQcPxAPH9jBnAEd.6","action":"GetUpdates Response", "result":"Success", "context":Received 7 update(s). cV=41Tl45rvQcPxAPH9jBnAEd.0;server=akswtt00900001k;cloudType=Consumer;environment=Prod_southindia_prod-s01-004-apac-southindia;migrationStage=NotStarted}
{"logTime": "0220/050207", "correlationVector":"2nxNG9WSkuuymXHRrjdSHm","action":"Normal GetUpdate request", "result":"", "context":cV=2nxNG9WSkuuymXHRrjdSHm
Notified types: Preferences, Passwords}
{"logTime": "0220/050207", "correlationVector":"2nxNG9WSkuuymXHRrjdSHm.1","action":"SyncServerConnectionManagerRequest", "result":"SYNC_SERVER_OK", "context":{"environment":"Prod_southindia_prod-s01-004-apac-southindia", "migrationStage":"NotStarted", "server":"akswtt00900004p"}}
{"logTime": "0220/050207", "correlationVector":"2nxNG9WSkuuymXHRrjdSHm.2","action":"GetUpdates Response", "result":"Success", "context":Received 0 update(s). cV=2nxNG9WSkuuymXHRrjdSHm.0;server=akswtt00900004p;cloudType=Consumer;environment=Prod_southindia_prod-s01-004-apac-southindia;migrationStage=NotStarted}
{"logTime": "0220/050250", "correlationVector":"JTZzHWmT8E5JA61z+4zpKT","action":"Normal GetUpdate request", "result":"", "context":cV=JTZzHWmT8E5JA61z+4zpKT
Notified types: Device Info, History}
{"logTime": "0220/050250", "correlationVector":"JTZzHWmT8E5JA61z+4zpKT.1","action":"SyncServerConnectionManagerRequest", "result":"SYNC_SERVER_OK", "context":{"environment":"Prod_southindia_prod-s01-004-apac-southindia", "migrationStage":"NotStarted", "server":"akswtt009000012"}}
{"logTime": "0220/050250", "correlationVector":"JTZzHWmT8E5JA61z+4zpKT.2","action":"ProcessGetUpdates", "result":"Done", "context":{"dataType":"Sessions", "deleted":"0", "process_failed_to_decrypt":"0", "process_pending_decryption":"0", "process_success":"1", "total":"1"}}
{"logTime": "0220/050250", "correlationVector":"JTZzHWmT8E5JA61z+4zpKT.3","action":"ProcessGetUpdates", "result":"Done", "context":{"dataType":"Device Info", "deleted":"0", "process_failed_to_decrypt":"0", "process_pending_decryption":"0", "process_success":"1", "total":"1"}}
{"logTime": "0220/050250", "correlationVector":"JTZzHWmT8E5JA61z+4zpKT.4","action":"ProcessGetUpdates", "result":"Done", "context":{"dataType":"History", "deleted":"0", "process_failed_to_decrypt":"0", "process_pending_decryption":"0", "process_success":"10", "total":"10"}}
{"logTime": "0220/050250", "correlationVector":"JTZzHWmT8E5JA61z+4zpKT.5","action":"GetUpdates Response", "result":"Success", "context":Received 12 update(s). cV=JTZzHWmT8E5JA61z+4zpKT.0;server=akswtt009000012;cloudType=Consumer;environment=Prod_southindia_prod-s01-004-apac-southindia;migrationStage=NotStarted}
{"logTime": "0220/050258", "correlationVector":"okYyRHxhIcOwHTV/3W5Ybh","action":"Normal GetUpdate request", "result":"", "context":cV=okYyRHxhIcOwHTV/3W5Ybh
Notified types: Device Info, History}
{"logTime": "0220/050258", "correlationVector":"okYyRHxhIcOwHTV/3W5Ybh.1","action":"SyncServerConnectionManagerRequest", "result":"SYNC_SERVER_OK", "context":{"environment":"Prod_southindia_prod-s01-004-apac-southindia", "migrationStage":"NotStarted", "server":"akswtt009000024"}}
{"logTime": "0220/050258", "correlationVector":"okYyRHxhIcOwHTV/3W5Ybh.2","action":"ProcessGetUpdates", "result":"Done", "context":{"dataType":"Sessions", "deleted":"0", "process_failed_to_decrypt":"0", "process_pending_decryption":"0", "process_success":"2", "total":"2"}}
{"logTime": "0220/050258", "correlationVector":"okYyRHxhIcOwHTV/3W5Ybh.3","action":"ProcessGetUpdates", "result":"Done", "context":{"dataType":"Device Info", "deleted":"0", "process_failed_to_decrypt":"0", "process_pending_decryption":"0", "process_success":"1", "total":"1"}}
{"logTime": "0220/050258", "correlationVector":"okYyRHxhIcOwHTV/3W5Ybh.4","action":"ProcessGetUpdates", "result":"Done", "context":{"dataType":"History", "deleted":"0", "process_failed_to_decrypt":"0", "process_pending_decryption":"0", "process_success":"2", "total":"2"}}
{"logTime": "0220/050258", "correlationVector":"okYyRHxhIcOwHTV/3W5Ybh.5","action":"GetUpdates Response", "result":"Success", "context":Received 5 update(s). cV=okYyRHxhIcOwHTV/3W5Ybh.0;server=akswtt009000024;cloudType=Consumer;environment=Prod_southindia_prod-s01-004-apac-southindia;migrationStage=NotStarted}
{"logTime": "0220/052321", "correlationVector":"2dzrHNDUCo//oPVBwAimE5","action":"Normal GetUpdate request", "result":"", "context":cV=2dzrHNDUCo//oPVBwAimE5
Notified types: History}
{"logTime": "0220/052323", "correlationVector":"2dzrHNDUCo//oPVBwAimE5.1","action":"SyncServerConnectionManagerRequest", "result":"SYNC_SERVER_OK", "context":{"environment":"Prod_southindia_prod-s01-004-apac-southindia", "migrationStage":"NotStarted", "server":"akswtt00900002h"}}
